{
  "RSpec": {
    "coverage": {
      "/home/wencakisa/programming/school/elsys-se-projects/cryptamine-api/app/controllers/decrypted_messages_controller.rb": [
        1,
        1,
        0,
        null,
        null,
        1,
        0,
        null,
        null
      ],
      "/home/wencakisa/programming/school/elsys-se-projects/cryptamine-api/app/controllers/abstract_messages_controller.rb": [
        1,
        1,
        1,
        null,
        1,
        0,
        null,
        null,
        1,
        0,
        0,
        null,
        null,
        1,
        0,
        null,
        null,
        1,
        1,
        0,
        null,
        null,
        1,
        0,
        null,
        null,
        1,
        0,
        null,
        null,
        1,
        null,
        null,
        null,
        1,
        0,
        null,
        null,
        1,
        0,
        null,
        null
      ],
      "/home/wencakisa/programming/school/elsys-se-projects/cryptamine-api/app/controllers/application_controller.rb": [
        1,
        1,
        1,
        null
      ],
      "/home/wencakisa/programming/school/elsys-se-projects/cryptamine-api/app/controllers/concerns/response.rb": [
        1,
        1,
        13,
        null,
        null
      ],
      "/home/wencakisa/programming/school/elsys-se-projects/cryptamine-api/app/controllers/concerns/exception_handler.rb": [
        1,
        1,
        null,
        1,
        1,
        2,
        null,
        null,
        1,
        2,
        null,
        null,
        null
      ],
      "/home/wencakisa/programming/school/elsys-se-projects/cryptamine-api/spec/controllers/encrypted_messages_controller_spec.rb": [
        1,
        null,
        1,
        null,
        null
      ],
      "/home/wencakisa/programming/school/elsys-se-projects/cryptamine-api/app/controllers/encrypted_messages_controller.rb": [
        1,
        1,
        0,
        null,
        null,
        1,
        0,
        null,
        null
      ],
      "/home/wencakisa/programming/school/elsys-se-projects/cryptamine-api/spec/controllers/rsas_controller_spec.rb": [
        1,
        null,
        1,
        14,
        3,
        null,
        1,
        4,
        null,
        1,
        1,
        null,
        null,
        1,
        1,
        null,
        null,
        1,
        1,
        null,
        null,
        null,
        1,
        3,
        null,
        1,
        1,
        1,
        1,
        null,
        null,
        1,
        1,
        null,
        null,
        null,
        1,
        1,
        3,
        null,
        1,
        1,
        1,
        1,
        null,
        null,
        1,
        1,
        null,
        null,
        null,
        1,
        3,
        null,
        1,
        1,
        null,
        null,
        1,
        1,
        null,
        null,
        null,
        null,
        1,
        3,
        null,
        1,
        3,
        null,
        1,
        1,
        null,
        null,
        1,
        1,
        null,
        null,
        null,
        1,
        3,
        null,
        1,
        1,
        null,
        null,
        1,
        1,
        null,
        null,
        null,
        null
      ],
      "/home/wencakisa/programming/school/elsys-se-projects/cryptamine-api/app/controllers/rsas_controller.rb": [
        1,
        1,
        null,
        1,
        2,
        null,
        2,
        null,
        null,
        1,
        null,
        4,
        2,
        null,
        null,
        1,
        2,
        null,
        null,
        1,
        3,
        null,
        null,
        1,
        1,
        4,
        null,
        null,
        1,
        4,
        null,
        null
      ],
      "/home/wencakisa/programming/school/elsys-se-projects/cryptamine-api/spec/models/decrypted_message_spec.rb": [
        1,
        null,
        1,
        1,
        2,
        null,
        null,
        1,
        2,
        null,
        null
      ],
      "/home/wencakisa/programming/school/elsys-se-projects/cryptamine-api/app/models/decrypted_message.rb": [
        1,
        1,
        null
      ],
      "/home/wencakisa/programming/school/elsys-se-projects/cryptamine-api/app/models/application_record.rb": [
        1,
        1,
        null
      ],
      "/home/wencakisa/programming/school/elsys-se-projects/cryptamine-api/app/models/concerns/messagable.rb": [
        1,
        1,
        null,
        1,
        2,
        null,
        2,
        null,
        null
      ],
      "/home/wencakisa/programming/school/elsys-se-projects/cryptamine-api/spec/models/encrypted_message_spec.rb": [
        1,
        null,
        1,
        1,
        2,
        null,
        null,
        1,
        2,
        null,
        null
      ],
      "/home/wencakisa/programming/school/elsys-se-projects/cryptamine-api/app/models/encrypted_message.rb": [
        1,
        1,
        null
      ],
      "/home/wencakisa/programming/school/elsys-se-projects/cryptamine-api/spec/models/rsa_spec.rb": [
        1,
        null,
        1,
        15,
        7,
        7,
        null,
        1,
        1,
        1,
        null,
        null,
        1,
        1,
        null,
        null,
        1,
        1,
        null,
        null,
        null,
        1,
        2,
        2,
        null,
        null,
        1,
        2,
        2,
        2,
        null,
        null,
        1,
        1,
        1,
        null,
        null,
        1,
        null,
        1,
        1,
        null,
        null,
        1,
        1,
        null,
        null,
        null,
        1,
        1,
        1,
        null,
        null,
        1,
        1,
        null,
        null,
        1,
        1,
        null,
        null,
        null
      ],
      "/home/wencakisa/programming/school/elsys-se-projects/cryptamine-api/app/models/rsa.rb": [
        1,
        null,
        1,
        1,
        1,
        null,
        1,
        null,
        1,
        1,
        1,
        null,
        1,
        214,
        214,
        214,
        214,
        null,
        214,
        null,
        null,
        1,
        4,
        null,
        null,
        1,
        3,
        null,
        null,
        1,
        1,
        1,
        428,
        null,
        null,
        1,
        2588,
        null,
        2374,
        2374,
        null,
        null,
        1,
        214,
        null,
        null,
        1,
        214,
        214,
        214,
        214,
        null,
        null,
        null,
        1,
        62,
        null,
        null,
        1,
        48,
        null,
        null,
        1,
        14,
        null,
        null
      ]
    },
    "timestamp": 1513789739
  }
}
